\BOOKMARK [1][-]{section.1}{Inngangur}{}
\BOOKMARK [1][-]{section.2}{Niðurstöður}{}
\BOOKMARK [2][-]{subsection.2.1}{Þol fyrir töfum}{section.2}
\BOOKMARK [2][-]{subsection.2.2}{Ráðleggingar varðandi biðraðir}{section.2}
\BOOKMARK [2][-]{subsection.2.3}{Hegðun starfsmanna}{section.2}
\BOOKMARK [2][-]{subsection.2.4}{Lágmarksafköstun}{section.2}
\BOOKMARK [2][-]{subsection.2.5}{Löng viðgerðarstopp}{section.2}
\BOOKMARK [2][-]{subsection.2.6}{Áhrif straumhækkunar}{section.2}
\BOOKMARK [1][-]{section.3}{Forsendur og Líkan}{}
\BOOKMARK [2][-]{subsection.3.1}{Umskipting skauta og afköst Skautskála}{section.3}
\BOOKMARK [2][-]{subsection.3.2}{Dreifing fyrir viðgerðartíma}{section.3}
\BOOKMARK [2][-]{subsection.3.3}{Bilanir}{section.3}
\BOOKMARK [2][-]{subsection.3.4}{Einingar og undirkerfi}{section.3}
\BOOKMARK [2][-]{subsection.3.5}{Vélar og vinnslutímar}{section.3}
\BOOKMARK [2][-]{subsection.3.6}{Upphitunartími}{section.3}
\BOOKMARK [2][-]{subsection.3.7}{Atburðir og kjarnavirkni líkans}{section.3}
\BOOKMARK [1][-]{section.4}{Sannreyning Líkans}{}
\BOOKMARK [1][-]{section.5}{Viðauki}{}
\BOOKMARK [2][-]{subsection.5.1}{Frumgerð í forritunarmálinu C }{section.5}
\BOOKMARK [2][-]{subsection.5.2}{Inntaksgögn líkans}{section.5}
\BOOKMARK [2][-]{subsection.5.3}{Keyrsluskýrslur}{section.5}
